[debug] [2023-11-05T18:25:52.363Z] ----------------------------------------------------------------------
[debug] [2023-11-05T18:25:52.364Z] Command:       C:\Program Files\nodejs\node.exe C:\Users\sriha\AppData\Roaming\npm\node_modules\firebase-tools\lib\bin\firebase.js init
[debug] [2023-11-05T18:25:52.365Z] CLI Version:   12.8.0
[debug] [2023-11-05T18:25:52.365Z] Platform:      win32
[debug] [2023-11-05T18:25:52.365Z] Node Version:  v18.16.0
[debug] [2023-11-05T18:25:52.366Z] Time:          Sun Nov 05 2023 23:55:52 GMT+0530 (India Standard Time)
[debug] [2023-11-05T18:25:52.366Z] ----------------------------------------------------------------------
[debug] 
[debug] [2023-11-05T18:25:52.455Z] > command requires scopes: ["email","openid","https://www.googleapis.com/auth/cloudplatformprojects.readonly","https://www.googleapis.com/auth/firebase","https://www.googleapis.com/auth/cloud-platform"]
[debug] [2023-11-05T18:25:52.456Z] > authorizing via signed-in user (harshinimsri@gmail.com)
[info] 
     ######## #### ########  ######## ########     ###     ######  ########
     ##        ##  ##     ## ##       ##     ##  ##   ##  ##       ##
     ######    ##  ########  ######   ########  #########  ######  ######
     ##        ##  ##    ##  ##       ##     ## ##     ##       ## ##
     ##       #### ##     ## ######## ########  ##     ##  ######  ########

You're about to initialize a Firebase project in this directory:

  C:\Users\sriha\Downloads\User_Authentication

Before we get started, keep in mind:

  * You are initializing within an existing Firebase project directory

[info] 
=== Project Setup
[info] 
[info] First, let's associate this project directory with a Firebase project.
[info] You can create multiple project aliases by running firebase use --add, 
[info] but for now we'll just set up a default project.
[info] 
[debug] [2023-11-05T18:26:00.404Z] Using project from CLI flag: loginsignup-b3123
[debug] [2023-11-05T18:26:00.406Z] >>> [apiv2][query] GET https://firebase.googleapis.com/v1beta1/projects/loginsignup-b3123 [none]
[debug] [2023-11-05T18:26:01.197Z] <<< [apiv2][status] GET https://firebase.googleapis.com/v1beta1/projects/loginsignup-b3123 200
[debug] [2023-11-05T18:26:01.197Z] <<< [apiv2][body] GET https://firebase.googleapis.com/v1beta1/projects/loginsignup-b3123 {"projectId":"loginsignup-b3123","projectNumber":"519789376724","displayName":"loginsignup","name":"projects/loginsignup-b3123","resources":{"hostingSite":"loginsignup-b3123","realtimeDatabaseInstance":"loginsignup-b3123-default-rtdb"},"state":"ACTIVE","etag":"1_279b6138-1598-4e26-986b-18ed06fe82d7"}
[info] i  Using project loginsignup-b3123 (loginsignup) 
[info] 
=== Hosting Setup
[info] 
[info] Your public directory is the folder (relative to your project directory) that
[info] will contain Hosting assets to be uploaded with firebase deploy. If you
[info] have a build process for your assets, use your build's output directory.
[info] 
[debug] [2023-11-05T18:26:11.034Z] >>> [apiv2][query] GET https://www.gstatic.com/firebasejs/releases.json [none]
[debug] [2023-11-05T18:26:11.140Z] <<< [apiv2][status] GET https://www.gstatic.com/firebasejs/releases.json 200
[debug] [2023-11-05T18:26:11.140Z] <<< [apiv2][body] GET https://www.gstatic.com/firebasejs/releases.json {"current":{"version":"10.5.2","browserURL":"https://www.gstatic.com/firebasejs/10.5.2/firebase.js","packageURL":"https://www.gstatic.com/firebasejs/10.5.2/firebase.tgz"},"live":{"version":"10.5","browserURL":"https://www.gstatic.com/firebasejs/live/10.5/firebase.js","packageURL":"https://www.gstatic.com/firebasejs/live/10.5/firebase.tgz"},"components":{"analytics":"https://www.gstatic.com/firebasejs/10.5.2/firebase-analytics.js","app":"https://www.gstatic.com/firebasejs/10.5.2/firebase-app.js","app-check":"https://www.gstatic.com/firebasejs/10.5.2/firebase-app-check.js","auth":"https://www.gstatic.com/firebasejs/10.5.2/firebase-auth.js","auth/cordova":"https://www.gstatic.com/firebasejs/10.5.2/firebase-auth/cordova.js","functions":"https://www.gstatic.com/firebasejs/10.5.2/firebase-functions.js","firestore":"https://www.gstatic.com/firebasejs/10.5.2/firebase-firestore.js","firestore/lite":"https://www.gstatic.com/firebasejs/10.5.2/firebase-firestore/lite.js","installations":"https://www.gstatic.com/firebasejs/10.5.2/firebase-installations.js","storage":"https://www.gstatic.com/firebasejs/10.5.2/firebase-storage.js","performance":"https://www.gstatic.com/firebasejs/10.5.2/firebase-performance.js","remote-config":"https://www.gstatic.com/firebasejs/10.5.2/firebase-remote-config.js","messaging":"https://www.gstatic.com/firebasejs/10.5.2/firebase-messaging.js","messaging/sw":"https://www.gstatic.com/firebasejs/10.5.2/firebase-messaging/sw.js","database":"https://www.gstatic.com/firebasejs/10.5.2/firebase-database.js","firestore.memory":"https://www.gstatic.com/firebasejs/10.5.2/firebase-firestore.memory.js"}}
[info] +  Wrote public/index.html 
[info] 
[info] i  Detected a .git folder at C:\Users\sriha 
[info] i  Authorizing with GitHub to upload your service account to a GitHub repository's secrets store. 
[info] 
[info] Visit this URL on this device to log in:
[info] https://github.com/login/oauth/authorize?client_id=89cf50f02ac6aaed3484&state=766698374&redirect_uri=http%3A%2F%2Flocalhost%3A9005&scope=read%3Auser%20repo%20public_repo
[info] 
[info] Waiting for authentication...
[debug] [2023-11-05T18:26:14.506Z] >>> [apiv2][query] POST https://github.com/login/oauth/access_token [none]
[debug] [2023-11-05T18:26:14.506Z] >>> [apiv2][body] POST https://github.com/login/oauth/access_token [stream]
[debug] [2023-11-05T18:26:14.905Z] <<< [apiv2][status] POST https://github.com/login/oauth/access_token 200
[debug] [2023-11-05T18:26:14.905Z] <<< [apiv2][body] POST https://github.com/login/oauth/access_token {"access_token":"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","token_type":"bearer","scope":"read:user,repo"}
[debug] [2023-11-05T18:26:14.910Z] >>> [apiv2][query] GET https://api.github.com/user [none]
[debug] [2023-11-05T18:26:15.314Z] <<< [apiv2][status] GET https://api.github.com/user 200
[debug] [2023-11-05T18:26:15.314Z] <<< [apiv2][body] GET https://api.github.com/user {"login":"sriharshini22","id":82818345,"node_id":"MDQ6VXNlcjgyODE4MzQ1","avatar_url":"https://avatars.githubusercontent.com/u/82818345?v=4","gravatar_id":"","url":"https://api.github.com/users/sriharshini22","html_url":"https://github.com/sriharshini22","followers_url":"https://api.github.com/users/sriharshini22/followers","following_url":"https://api.github.com/users/sriharshini22/following{/other_user}","gists_url":"https://api.github.com/users/sriharshini22/gists{/gist_id}","starred_url":"https://api.github.com/users/sriharshini22/starred{/owner}{/repo}","subscriptions_url":"https://api.github.com/users/sriharshini22/subscriptions","organizations_url":"https://api.github.com/users/sriharshini22/orgs","repos_url":"https://api.github.com/users/sriharshini22/repos","events_url":"https://api.github.com/users/sriharshini22/events{/privacy}","received_events_url":"https://api.github.com/users/sriharshini22/received_events","type":"User","site_admin":false,"name":null,"company":null,"blog":"","location":null,"email":null,"hireable":null,"bio":null,"twitter_username":null,"public_repos":16,"public_gists":0,"followers":1,"following":3,"created_at":"2021-04-19T12:41:35Z","updated_at":"2023-04-28T15:36:00Z","private_gists":0,"total_private_repos":1,"owned_private_repos":1,"disk_usage":63115,"collaborators":0,"two_factor_authentication":false,"plan":{"name":"free","space":976562499,"collaborators":0,"private_repos":10000}}
[info] 
[info] +  Success! Logged into GitHub as sriharshini22 
[info] 
